<?xml version="1.0" encoding="UTF-8" ?>
<testsuite tests="6" failures="0" name="com.imooc.web.controller.UserControllerTest" time="0.349" errors="0" skipped="0">
  <properties>
[...]
</properties>
  <testcase classname="com.imooc.web.controller.UserControllerTest" name="whenGetInfoFail" time="0.119"/>
  <testcase classname="com.imooc.web.controller.UserControllerTest" name="whenQuerySuccess" time="0.113"/>
  <testcase classname="com.imooc.web.controller.UserControllerTest" name="whenCreateSuccess" time="0.086"/>
  <testcase classname="com.imooc.web.controller.UserControllerTest" name="whenUpdateSuccess" time="0.015"/>
  <testcase classname="com.imooc.web.controller.UserControllerTest" name="whenDeleteSuccess" time="0.008"/>
  <testcase classname="com.imooc.web.controller.UserControllerTest" name="whenGetInfoSuccess" time="0.008"/>
</testsuite>